<?xml version="1.0" encoding="UTF-8"?>
<testng-results ignored="0" total="4" passed="4" failed="0" skipped="0">
  <reporter-output>
    <line>
      <![CDATA[<div "result">I navigate to Google homepage (PASSED : 1s)</div>]]>
    </line>
    <line>
      <![CDATA[<div "result">I enter a &quot;porsche&quot; to serach (PASSED : 0s)</div>]]>
    </line>
    <line>
      <![CDATA[<div "result">I click on the search button (PASSED : 1s)</div>]]>
    </line>
    <line>
      <![CDATA[<div "result">I should be able to see the title contains the &quot;porsche&quot; (PASSED : 0s)</div>]]>
    </line>
    <line>
      <![CDATA[<div "result">I navigate to Google homepage (PASSED : 0s)</div>]]>
    </line>
    <line>
      <![CDATA[<div "result">I enter a &quot;toyota&quot; to serach (PASSED : 0s)</div>]]>
    </line>
    <line>
      <![CDATA[<div "result">I click on the search button (PASSED : 1s)</div>]]>
    </line>
    <line>
      <![CDATA[<div "result">I should be able to see the title contains the &quot;toyota&quot; (PASSED : 0s)</div>]]>
    </line>
    <line>
      <![CDATA[<div "result">I navigate to Google homepage (PASSED : 0s)</div>]]>
    </line>
    <line>
      <![CDATA[<div "result">I enter a &quot;bmw&quot; to serach (PASSED : 0s)</div>]]>
    </line>
    <line>
      <![CDATA[<div "result">I click on the search button (PASSED : 1s)</div>]]>
    </line>
    <line>
      <![CDATA[<div "result">I should be able to see the title contains the &quot;bmw&quot; (PASSED : 0s)</div>]]>
    </line>
    <line>
      <![CDATA[<div "result">I navigate to Google homepage (PASSED : 0s)</div>]]>
    </line>
    <line>
      <![CDATA[<div "result">I enter a &quot;Mercedes-Benz&quot; to serach (PASSED : 0s)</div>]]>
    </line>
    <line>
      <![CDATA[<div "result">I click on the search button (PASSED : 1s)</div>]]>
    </line>
    <line>
      <![CDATA[<div "result">I should be able to see the title contains the &quot;Mercedes-Benz&quot; (PASSED : 0s)</div>]]>
    </line>
  </reporter-output>
  <suite started-at="2018-02-25T20:57:05Z" name="Default suite" finished-at="2018-02-25T20:57:20Z" duration-ms="15013">
    <groups>
      <group name="cucumber">
        <method signature="AbstractTestNGCucumberTests.runScenario(cucumber.api.testng.PickleEventWrapper, cucumber.api.testng.CucumberFeatureWrapper)[pri:0, instance:runnerPackage.TestRunner@776b83cc]" name="runScenario" class="cucumber.api.testng.AbstractTestNGCucumberTests"/>
      </group> <!-- cucumber -->
    </groups>
    <test started-at="2018-02-25T20:57:05Z" name="Default test" finished-at="2018-02-25T20:57:20Z" duration-ms="15013">
      <class name="runnerPackage.TestRunner">
        <test-method is-config="true" signature="setUp()[pri:0, instance:runnerPackage.TestRunner@776b83cc]" started-at="2018-02-25T20:57:05Z" name="setUp" finished-at="2018-02-25T20:57:08Z" duration-ms="3368" status="PASS">
          <reporter-output>
          </reporter-output>
        </test-method> <!-- setUp -->
        <test-method is-config="true" signature="setUpClass()[pri:0, instance:runnerPackage.TestRunner@776b83cc]" started-at="2018-02-25T20:57:08Z" name="setUpClass" finished-at="2018-02-25T20:57:08Z" duration-ms="177" status="PASS">
          <reporter-output>
          </reporter-output>
        </test-method> <!-- setUpClass -->
        <test-method signature="runScenario(cucumber.api.testng.PickleEventWrapper, cucumber.api.testng.CucumberFeatureWrapper)[pri:0, instance:runnerPackage.TestRunner@776b83cc]" started-at="2018-02-25T20:57:08Z" name="runScenario" description="Runs Cucumber Scenarios" data-provider="scenarios" finished-at="2018-02-25T20:57:12Z" duration-ms="3792" status="PASS">
          <params>
            <param index="0">
              <value>
                <![CDATA["User searches an item on Google and check if the title matches the keyword"]]>
              </value>
            </param>
            <param index="1">
              <value>
                <![CDATA["This is hust a test feature for cucumber"]]>
              </value>
            </param>
          </params>
          <reporter-output>
            <line>
              <![CDATA[<div "result">I navigate to Google homepage (PASSED : 1s)</div>]]>
            </line>
            <line>
              <![CDATA[<div "result">I enter a &quot;porsche&quot; to serach (PASSED : 0s)</div>]]>
            </line>
            <line>
              <![CDATA[<div "result">I click on the search button (PASSED : 1s)</div>]]>
            </line>
            <line>
              <![CDATA[<div "result">I should be able to see the title contains the &quot;porsche&quot; (PASSED : 0s)</div>]]>
            </line>
          </reporter-output>
        </test-method> <!-- runScenario -->
        <test-method signature="runScenario(cucumber.api.testng.PickleEventWrapper, cucumber.api.testng.CucumberFeatureWrapper)[pri:0, instance:runnerPackage.TestRunner@776b83cc]" started-at="2018-02-25T20:57:12Z" name="runScenario" description="Runs Cucumber Scenarios" data-provider="scenarios" finished-at="2018-02-25T20:57:15Z" duration-ms="2645" status="PASS">
          <params>
            <param index="0">
              <value>
                <![CDATA["User searches an item on Google and check if the title matches the keyword"]]>
              </value>
            </param>
            <param index="1">
              <value>
                <![CDATA["This is hust a test feature for cucumber"]]>
              </value>
            </param>
          </params>
          <reporter-output>
            <line>
              <![CDATA[<div "result">I navigate to Google homepage (PASSED : 0s)</div>]]>
            </line>
            <line>
              <![CDATA[<div "result">I enter a &quot;toyota&quot; to serach (PASSED : 0s)</div>]]>
            </line>
            <line>
              <![CDATA[<div "result">I click on the search button (PASSED : 1s)</div>]]>
            </line>
            <line>
              <![CDATA[<div "result">I should be able to see the title contains the &quot;toyota&quot; (PASSED : 0s)</div>]]>
            </line>
          </reporter-output>
        </test-method> <!-- runScenario -->
        <test-method signature="runScenario(cucumber.api.testng.PickleEventWrapper, cucumber.api.testng.CucumberFeatureWrapper)[pri:0, instance:runnerPackage.TestRunner@776b83cc]" started-at="2018-02-25T20:57:15Z" name="runScenario" description="Runs Cucumber Scenarios" data-provider="scenarios" finished-at="2018-02-25T20:57:17Z" duration-ms="2372" status="PASS">
          <params>
            <param index="0">
              <value>
                <![CDATA["User searches an item on Google and check if the title matches the keyword"]]>
              </value>
            </param>
            <param index="1">
              <value>
                <![CDATA["This is hust a test feature for cucumber"]]>
              </value>
            </param>
          </params>
          <reporter-output>
            <line>
              <![CDATA[<div "result">I navigate to Google homepage (PASSED : 0s)</div>]]>
            </line>
            <line>
              <![CDATA[<div "result">I enter a &quot;bmw&quot; to serach (PASSED : 0s)</div>]]>
            </line>
            <line>
              <![CDATA[<div "result">I click on the search button (PASSED : 1s)</div>]]>
            </line>
            <line>
              <![CDATA[<div "result">I should be able to see the title contains the &quot;bmw&quot; (PASSED : 0s)</div>]]>
            </line>
          </reporter-output>
        </test-method> <!-- runScenario -->
        <test-method signature="runScenario(cucumber.api.testng.PickleEventWrapper, cucumber.api.testng.CucumberFeatureWrapper)[pri:0, instance:runnerPackage.TestRunner@776b83cc]" started-at="2018-02-25T20:57:17Z" name="runScenario" description="Runs Cucumber Scenarios" data-provider="scenarios" finished-at="2018-02-25T20:57:20Z" duration-ms="2334" status="PASS">
          <params>
            <param index="0">
              <value>
                <![CDATA["User searches an item on Google and check if the title matches the keyword"]]>
              </value>
            </param>
            <param index="1">
              <value>
                <![CDATA["This is hust a test feature for cucumber"]]>
              </value>
            </param>
          </params>
          <reporter-output>
            <line>
              <![CDATA[<div "result">I navigate to Google homepage (PASSED : 0s)</div>]]>
            </line>
            <line>
              <![CDATA[<div "result">I enter a &quot;Mercedes-Benz&quot; to serach (PASSED : 0s)</div>]]>
            </line>
            <line>
              <![CDATA[<div "result">I click on the search button (PASSED : 1s)</div>]]>
            </line>
            <line>
              <![CDATA[<div "result">I should be able to see the title contains the &quot;Mercedes-Benz&quot; (PASSED : 0s)</div>]]>
            </line>
          </reporter-output>
        </test-method> <!-- runScenario -->
        <test-method is-config="true" signature="tearDownClass()[pri:0, instance:runnerPackage.TestRunner@776b83cc]" started-at="2018-02-25T20:57:20Z" name="tearDownClass" finished-at="2018-02-25T20:57:20Z" duration-ms="5" status="PASS">
          <reporter-output>
          </reporter-output>
        </test-method> <!-- tearDownClass -->
        <test-method is-config="true" signature="tearDown()[pri:0, instance:runnerPackage.TestRunner@776b83cc]" started-at="2018-02-25T20:57:20Z" name="tearDown" finished-at="2018-02-25T20:57:20Z" duration-ms="266" status="PASS">
          <reporter-output>
          </reporter-output>
        </test-method> <!-- tearDown -->
      </class> <!-- runnerPackage.TestRunner -->
    </test> <!-- Default test -->
  </suite> <!-- Default suite -->
</testng-results>
