<?xml version="1.0" encoding="UTF-8"?>
<testng-results ignored="0" total="1" passed="1" failed="0" skipped="0">
  <reporter-output>
    <line>
      <![CDATA[<div "result">I navigate to Google homepage (PASSED : 1s)</div>]]>
    </line>
    <line>
      <![CDATA[<div "result">I enter a keyword to serach (PASSED : 0s)</div>]]>
    </line>
    <line>
      <![CDATA[<div "result">I click on the search button (PASSED : 1s)</div>]]>
    </line>
    <line>
      <![CDATA[<div "result">I should be able to see the title contains the keyword (PASSED : 0s)</div>]]>
    </line>
  </reporter-output>
  <suite started-at="2018-02-25T20:10:48Z" name="Suite" finished-at="2018-02-25T20:10:55Z" duration-ms="7400">
    <groups>
      <group name="cucumber">
        <method signature="AbstractTestNGCucumberTests.runScenario(cucumber.api.testng.PickleEventWrapper, cucumber.api.testng.CucumberFeatureWrapper)[pri:0, instance:runnerPackage.TestRunner@44a7bfbc]" name="runScenario" class="cucumber.api.testng.AbstractTestNGCucumberTests"/>
      </group> <!-- cucumber -->
    </groups>
    <test started-at="2018-02-25T20:10:48Z" name="Test" finished-at="2018-02-25T20:10:55Z" duration-ms="7400">
      <class name="runnerPackage.TestRunner">
        <test-method is-config="true" signature="setUp()[pri:0, instance:runnerPackage.TestRunner@44a7bfbc]" started-at="2018-02-25T20:10:48Z" name="setUp" finished-at="2018-02-25T20:10:51Z" duration-ms="3278" status="PASS">
          <reporter-output>
          </reporter-output>
        </test-method> <!-- setUp -->
        <test-method is-config="true" signature="setUpClass()[pri:0, instance:runnerPackage.TestRunner@44a7bfbc]" started-at="2018-02-25T20:10:51Z" name="setUpClass" finished-at="2018-02-25T20:10:52Z" duration-ms="183" status="PASS">
          <reporter-output>
          </reporter-output>
        </test-method> <!-- setUpClass -->
        <test-method signature="runScenario(cucumber.api.testng.PickleEventWrapper, cucumber.api.testng.CucumberFeatureWrapper)[pri:0, instance:runnerPackage.TestRunner@44a7bfbc]" started-at="2018-02-25T20:10:52Z" name="runScenario" description="Runs Cucumber Scenarios" data-provider="scenarios" finished-at="2018-02-25T20:10:55Z" duration-ms="3869" status="PASS">
          <params>
            <param index="0">
              <value>
                <![CDATA["User searches an item on Google and check if the title matches the keyword"]]>
              </value>
            </param>
            <param index="1">
              <value>
                <![CDATA["This is hust a test feature for cucumber"]]>
              </value>
            </param>
          </params>
          <reporter-output>
            <line>
              <![CDATA[<div "result">I navigate to Google homepage (PASSED : 1s)</div>]]>
            </line>
            <line>
              <![CDATA[<div "result">I enter a keyword to serach (PASSED : 0s)</div>]]>
            </line>
            <line>
              <![CDATA[<div "result">I click on the search button (PASSED : 1s)</div>]]>
            </line>
            <line>
              <![CDATA[<div "result">I should be able to see the title contains the keyword (PASSED : 0s)</div>]]>
            </line>
          </reporter-output>
        </test-method> <!-- runScenario -->
        <test-method is-config="true" signature="tearDownClass()[pri:0, instance:runnerPackage.TestRunner@44a7bfbc]" started-at="2018-02-25T20:10:55Z" name="tearDownClass" finished-at="2018-02-25T20:10:55Z" duration-ms="6" status="PASS">
          <reporter-output>
          </reporter-output>
        </test-method> <!-- tearDownClass -->
      </class> <!-- runnerPackage.TestRunner -->
    </test> <!-- Test -->
  </suite> <!-- Suite -->
</testng-results>
